2018-10-24T01:59:23+00:00 CRITICAL Uncaught Error: Class 'Cryptronick_Theme_Helper' not found in /var/www/html/wp-content/plugins/cryptronick-core/includes/post-types/team/team-register.php:17
Stack trace:
#0 /var/www/html/wp-content/plugins/cryptronick-core/includes/post-types/post-types-register.php(23): bptTeamRegister->__construct()
#1 /var/www/html/wp-includes/class-wp-hook.php(286): bptPostTypesRegister->register('')
#2 /var/www/html/wp-includes/class-wp-hook.php(310): WP_Hook->apply_filters(NULL, Array)
#3 /var/www/html/wp-includes/plugin.php(453): WP_Hook->do_action(Array)
#4 /var/www/html/wp-settings.php(434): do_action('after_setup_the...')
#5 /var/www/html/wp-config.php(93): require_once('/var/www/html/w...')
#6 /var/www/html/wp-load.php(37): require_once('/var/www/html/w...')
#7 /var/www/html/wp-admin/admin.php(31): require_once('/var/www/html/w...')
#8 /var/www/html/wp-admin/themes.php(10): require_once('/var/www/html/w...')
#9 {main}
  thrown

2018-10-24T01:59:30+00:00 CRITICAL Uncaught Error: Class 'Cryptronick_Theme_Helper' not found in /var/www/html/wp-content/plugins/cryptronick-core/includes/post-types/team/team-register.php:17
Stack trace:
#0 /var/www/html/wp-content/plugins/cryptronick-core/includes/post-types/post-types-register.php(23): bptTeamRegister->__construct()
#1 /var/www/html/wp-includes/class-wp-hook.php(286): bptPostTypesRegister->register('')
#2 /var/www/html/wp-includes/class-wp-hook.php(310): WP_Hook->apply_filters(NULL, Array)
#3 /var/www/html/wp-includes/plugin.php(453): WP_Hook->do_action(Array)
#4 /var/www/html/wp-settings.php(434): do_action('after_setup_the...')
#5 /var/www/html/wp-config.php(93): require_once('/var/www/html/w...')
#6 /var/www/html/wp-load.php(37): require_once('/var/www/html/w...')
#7 /var/www/html/wp-admin/admin.php(31): require_once('/var/www/html/w...')
#8 /var/www/html/wp-admin/themes.php(10): require_once('/var/www/html/w...')
#9 {main}
  thrown

2018-10-24T01:59:38+00:00 CRITICAL Uncaught Error: Class 'Cryptronick_Theme_Helper' not found in /var/www/html/wp-content/plugins/cryptronick-core/includes/post-types/team/team-register.php:17
Stack trace:
#0 /var/www/html/wp-content/plugins/cryptronick-core/includes/post-types/post-types-register.php(23): bptTeamRegister->__construct()
#1 /var/www/html/wp-includes/class-wp-hook.php(286): bptPostTypesRegister->register('')
#2 /var/www/html/wp-includes/class-wp-hook.php(310): WP_Hook->apply_filters(NULL, Array)
#3 /var/www/html/wp-includes/plugin.php(453): WP_Hook->do_action(Array)
#4 /var/www/html/wp-settings.php(434): do_action('after_setup_the...')
#5 /var/www/html/wp-config.php(93): require_once('/var/www/html/w...')
#6 /var/www/html/wp-load.php(37): require_once('/var/www/html/w...')
#7 /var/www/html/wp-admin/admin.php(31): require_once('/var/www/html/w...')
#8 /var/www/html/wp-admin/themes.php(10): require_once('/var/www/html/w...')
#9 {main}
  thrown

2018-10-24T01:59:44+00:00 CRITICAL Uncaught Error: Class 'Cryptronick_Theme_Helper' not found in /var/www/html/wp-content/plugins/cryptronick-core/includes/post-types/team/team-register.php:17
Stack trace:
#0 /var/www/html/wp-content/plugins/cryptronick-core/includes/post-types/post-types-register.php(23): bptTeamRegister->__construct()
#1 /var/www/html/wp-includes/class-wp-hook.php(286): bptPostTypesRegister->register('')
#2 /var/www/html/wp-includes/class-wp-hook.php(310): WP_Hook->apply_filters(NULL, Array)
#3 /var/www/html/wp-includes/plugin.php(453): WP_Hook->do_action(Array)
#4 /var/www/html/wp-settings.php(434): do_action('after_setup_the...')
#5 /var/www/html/wp-config.php(93): require_once('/var/www/html/w...')
#6 /var/www/html/wp-load.php(37): require_once('/var/www/html/w...')
#7 /var/www/html/wp-admin/admin.php(31): require_once('/var/www/html/w...')
#8 /var/www/html/wp-admin/themes.php(10): require_once('/var/www/html/w...')
#9 {main}
  thrown

2018-10-24T02:00:25+00:00 CRITICAL Uncaught Error: Class 'Cryptronick_Theme_Helper' not found in /var/www/html/wp-content/plugins/cryptronick-core/includes/post-types/team/team-register.php:17
Stack trace:
#0 /var/www/html/wp-content/plugins/cryptronick-core/includes/post-types/post-types-register.php(23): bptTeamRegister->__construct()
#1 /var/www/html/wp-includes/class-wp-hook.php(286): bptPostTypesRegister->register('')
#2 /var/www/html/wp-includes/class-wp-hook.php(310): WP_Hook->apply_filters(NULL, Array)
#3 /var/www/html/wp-includes/plugin.php(453): WP_Hook->do_action(Array)
#4 /var/www/html/wp-settings.php(434): do_action('after_setup_the...')
#5 /var/www/html/wp-config.php(93): require_once('/var/www/html/w...')
#6 /var/www/html/wp-load.php(37): require_once('/var/www/html/w...')
#7 /var/www/html/wp-admin/admin.php(31): require_once('/var/www/html/w...')
#8 /var/www/html/wp-admin/index.php(10): require_once('/var/www/html/w...')
#9 {main}
  thrown

2018-10-24T02:00:36+00:00 CRITICAL Uncaught Error: Class 'Cryptronick_Theme_Helper' not found in /var/www/html/wp-content/plugins/cryptronick-core/includes/post-types/team/team-register.php:17
Stack trace:
#0 /var/www/html/wp-content/plugins/cryptronick-core/includes/post-types/post-types-register.php(23): bptTeamRegister->__construct()
#1 /var/www/html/wp-includes/class-wp-hook.php(286): bptPostTypesRegister->register('')
#2 /var/www/html/wp-includes/class-wp-hook.php(310): WP_Hook->apply_filters(NULL, Array)
#3 /var/www/html/wp-includes/plugin.php(453): WP_Hook->do_action(Array)
#4 /var/www/html/wp-settings.php(434): do_action('after_setup_the...')
#5 /var/www/html/wp-config.php(93): require_once('/var/www/html/w...')
#6 /var/www/html/wp-load.php(37): require_once('/var/www/html/w...')
#7 /var/www/html/wp-admin/admin.php(31): require_once('/var/www/html/w...')
#8 /var/www/html/wp-admin/index.php(10): require_once('/var/www/html/w...')
#9 {main}
  thrown

2018-10-24T02:00:47+00:00 CRITICAL Uncaught Error: Class 'Cryptronick_Theme_Helper' not found in /var/www/html/wp-content/plugins/cryptronick-core/includes/post-types/team/team-register.php:17
Stack trace:
#0 /var/www/html/wp-content/plugins/cryptronick-core/includes/post-types/post-types-register.php(23): bptTeamRegister->__construct()
#1 /var/www/html/wp-includes/class-wp-hook.php(286): bptPostTypesRegister->register('')
#2 /var/www/html/wp-includes/class-wp-hook.php(310): WP_Hook->apply_filters(NULL, Array)
#3 /var/www/html/wp-includes/plugin.php(453): WP_Hook->do_action(Array)
#4 /var/www/html/wp-settings.php(434): do_action('after_setup_the...')
#5 /var/www/html/wp-config.php(93): require_once('/var/www/html/w...')
#6 /var/www/html/wp-load.php(37): require_once('/var/www/html/w...')
#7 /var/www/html/wp-admin/admin-ajax.php(22): require_once('/var/www/html/w...')
#8 {main}
  thrown

2018-10-24T02:00:49+00:00 CRITICAL Uncaught Error: Class 'Cryptronick_Theme_Helper' not found in /var/www/html/wp-content/plugins/cryptronick-core/includes/post-types/team/team-register.php:17
Stack trace:
#0 /var/www/html/wp-content/plugins/cryptronick-core/includes/post-types/post-types-register.php(23): bptTeamRegister->__construct()
#1 /var/www/html/wp-includes/class-wp-hook.php(286): bptPostTypesRegister->register('')
#2 /var/www/html/wp-includes/class-wp-hook.php(310): WP_Hook->apply_filters(NULL, Array)
#3 /var/www/html/wp-includes/plugin.php(453): WP_Hook->do_action(Array)
#4 /var/www/html/wp-settings.php(434): do_action('after_setup_the...')
#5 /var/www/html/wp-config.php(93): require_once('/var/www/html/w...')
#6 /var/www/html/wp-load.php(37): require_once('/var/www/html/w...')
#7 /var/www/html/wp-blog-header.php(13): require_once('/var/www/html/w...')
#8 /var/www/html/index.php(17): require('/var/www/html/w...')
#9 {main}
  thrown

2018-10-24T02:01:08+00:00 CRITICAL Uncaught Error: Class 'Cryptronick_Theme_Helper' not found in /var/www/html/wp-content/plugins/cryptronick-core/includes/post-types/team/team-register.php:17
Stack trace:
#0 /var/www/html/wp-content/plugins/cryptronick-core/includes/post-types/post-types-register.php(23): bptTeamRegister->__construct()
#1 /var/www/html/wp-includes/class-wp-hook.php(286): bptPostTypesRegister->register('')
#2 /var/www/html/wp-includes/class-wp-hook.php(310): WP_Hook->apply_filters(NULL, Array)
#3 /var/www/html/wp-includes/plugin.php(453): WP_Hook->do_action(Array)
#4 /var/www/html/wp-settings.php(434): do_action('after_setup_the...')
#5 /var/www/html/wp-config.php(93): require_once('/var/www/html/w...')
#6 /var/www/html/wp-load.php(37): require_once('/var/www/html/w...')
#7 /var/www/html/wp-blog-header.php(13): require_once('/var/www/html/w...')
#8 /var/www/html/index.php(17): require('/var/www/html/w...')
#9 {main}
  thrown

2018-10-24T02:01:11+00:00 CRITICAL Uncaught Error: Class 'Cryptronick_Theme_Helper' not found in /var/www/html/wp-content/plugins/cryptronick-core/includes/post-types/team/team-register.php:17
Stack trace:
#0 /var/www/html/wp-content/plugins/cryptronick-core/includes/post-types/post-types-register.php(23): bptTeamRegister->__construct()
#1 /var/www/html/wp-includes/class-wp-hook.php(286): bptPostTypesRegister->register('')
#2 /var/www/html/wp-includes/class-wp-hook.php(310): WP_Hook->apply_filters(NULL, Array)
#3 /var/www/html/wp-includes/plugin.php(453): WP_Hook->do_action(Array)
#4 /var/www/html/wp-settings.php(434): do_action('after_setup_the...')
#5 /var/www/html/wp-config.php(93): require_once('/var/www/html/w...')
#6 /var/www/html/wp-load.php(37): require_once('/var/www/html/w...')
#7 /var/www/html/wp-blog-header.php(13): require_once('/var/www/html/w...')
#8 /var/www/html/index.php(17): require('/var/www/html/w...')
#9 {main}
  thrown

2018-10-24T02:01:11+00:00 CRITICAL Uncaught Error: Class 'Cryptronick_Theme_Helper' not found in /var/www/html/wp-content/plugins/cryptronick-core/includes/post-types/team/team-register.php:17
Stack trace:
#0 /var/www/html/wp-content/plugins/cryptronick-core/includes/post-types/post-types-register.php(23): bptTeamRegister->__construct()
#1 /var/www/html/wp-includes/class-wp-hook.php(286): bptPostTypesRegister->register('')
#2 /var/www/html/wp-includes/class-wp-hook.php(310): WP_Hook->apply_filters(NULL, Array)
#3 /var/www/html/wp-includes/plugin.php(453): WP_Hook->do_action(Array)
#4 /var/www/html/wp-settings.php(434): do_action('after_setup_the...')
#5 /var/www/html/wp-config.php(93): require_once('/var/www/html/w...')
#6 /var/www/html/wp-load.php(37): require_once('/var/www/html/w...')
#7 /var/www/html/wp-blog-header.php(13): require_once('/var/www/html/w...')
#8 /var/www/html/index.php(17): require('/var/www/html/w...')
#9 {main}
  thrown

2018-10-24T02:01:15+00:00 CRITICAL Uncaught Error: Class 'Cryptronick_Theme_Helper' not found in /var/www/html/wp-content/plugins/cryptronick-core/includes/post-types/team/team-register.php:17
Stack trace:
#0 /var/www/html/wp-content/plugins/cryptronick-core/includes/post-types/post-types-register.php(23): bptTeamRegister->__construct()
#1 /var/www/html/wp-includes/class-wp-hook.php(286): bptPostTypesRegister->register('')
#2 /var/www/html/wp-includes/class-wp-hook.php(310): WP_Hook->apply_filters(NULL, Array)
#3 /var/www/html/wp-includes/plugin.php(453): WP_Hook->do_action(Array)
#4 /var/www/html/wp-settings.php(434): do_action('after_setup_the...')
#5 /var/www/html/wp-config.php(93): require_once('/var/www/html/w...')
#6 /var/www/html/wp-load.php(37): require_once('/var/www/html/w...')
#7 /var/www/html/wp-admin/admin.php(31): require_once('/var/www/html/w...')
#8 /var/www/html/wp-admin/themes.php(10): require_once('/var/www/html/w...')
#9 {main}
  thrown

2018-10-24T02:01:17+00:00 CRITICAL Uncaught Error: Class 'Cryptronick_Theme_Helper' not found in /var/www/html/wp-content/plugins/cryptronick-core/includes/post-types/team/team-register.php:17
Stack trace:
#0 /var/www/html/wp-content/plugins/cryptronick-core/includes/post-types/post-types-register.php(23): bptTeamRegister->__construct()
#1 /var/www/html/wp-includes/class-wp-hook.php(286): bptPostTypesRegister->register('')
#2 /var/www/html/wp-includes/class-wp-hook.php(310): WP_Hook->apply_filters(NULL, Array)
#3 /var/www/html/wp-includes/plugin.php(453): WP_Hook->do_action(Array)
#4 /var/www/html/wp-settings.php(434): do_action('after_setup_the...')
#5 /var/www/html/wp-config.php(93): require_once('/var/www/html/w...')
#6 /var/www/html/wp-load.php(37): require_once('/var/www/html/w...')
#7 /var/www/html/wp-admin/admin.php(31): require_once('/var/www/html/w...')
#8 /var/www/html/wp-admin/themes.php(10): require_once('/var/www/html/w...')
#9 {main}
  thrown

2018-10-24T02:01:33+00:00 CRITICAL Uncaught Error: Class 'Cryptronick_Theme_Helper' not found in /var/www/html/wp-content/plugins/cryptronick-core/includes/post-types/team/team-register.php:17
Stack trace:
#0 /var/www/html/wp-content/plugins/cryptronick-core/includes/post-types/post-types-register.php(23): bptTeamRegister->__construct()
#1 /var/www/html/wp-includes/class-wp-hook.php(286): bptPostTypesRegister->register('')
#2 /var/www/html/wp-includes/class-wp-hook.php(310): WP_Hook->apply_filters(NULL, Array)
#3 /var/www/html/wp-includes/plugin.php(453): WP_Hook->do_action(Array)
#4 /var/www/html/wp-settings.php(434): do_action('after_setup_the...')
#5 /var/www/html/wp-config.php(93): require_once('/var/www/html/w...')
#6 /var/www/html/wp-load.php(37): require_once('/var/www/html/w...')
#7 /var/www/html/wp-blog-header.php(13): require_once('/var/www/html/w...')
#8 /var/www/html/index.php(17): require('/var/www/html/w...')
#9 {main}
  thrown

2018-10-24T02:01:38+00:00 CRITICAL Uncaught Error: Class 'Cryptronick_Theme_Helper' not found in /var/www/html/wp-content/plugins/cryptronick-core/includes/post-types/team/team-register.php:17
Stack trace:
#0 /var/www/html/wp-content/plugins/cryptronick-core/includes/post-types/post-types-register.php(23): bptTeamRegister->__construct()
#1 /var/www/html/wp-includes/class-wp-hook.php(286): bptPostTypesRegister->register('')
#2 /var/www/html/wp-includes/class-wp-hook.php(310): WP_Hook->apply_filters(NULL, Array)
#3 /var/www/html/wp-includes/plugin.php(453): WP_Hook->do_action(Array)
#4 /var/www/html/wp-settings.php(434): do_action('after_setup_the...')
#5 /var/www/html/wp-config.php(93): require_once('/var/www/html/w...')
#6 /var/www/html/wp-load.php(37): require_once('/var/www/html/w...')
#7 /var/www/html/wp-admin/admin.php(31): require_once('/var/www/html/w...')
#8 /var/www/html/wp-admin/index.php(10): require_once('/var/www/html/w...')
#9 {main}
  thrown

2018-10-24T02:02:32+00:00 CRITICAL Uncaught Error: Class 'Cryptronick_Theme_Helper' not found in /var/www/html/wp-content/plugins/cryptronick-core/includes/post-types/team/team-register.php:17
Stack trace:
#0 /var/www/html/wp-content/plugins/cryptronick-core/includes/post-types/post-types-register.php(23): bptTeamRegister->__construct()
#1 /var/www/html/wp-includes/class-wp-hook.php(286): bptPostTypesRegister->register('')
#2 /var/www/html/wp-includes/class-wp-hook.php(310): WP_Hook->apply_filters(NULL, Array)
#3 /var/www/html/wp-includes/plugin.php(453): WP_Hook->do_action(Array)
#4 /var/www/html/wp-settings.php(434): do_action('after_setup_the...')
#5 /var/www/html/wp-config.php(93): require_once('/var/www/html/w...')
#6 /var/www/html/wp-load.php(37): require_once('/var/www/html/w...')
#7 /var/www/html/wp-blog-header.php(13): require_once('/var/www/html/w...')
#8 /var/www/html/index.php(17): require('/var/www/html/w...')
#9 {main}
  thrown

2018-10-24T02:05:21+00:00 CRITICAL Uncaught Error: Class 'Cryptronick_Theme_Helper' not found in /var/www/html/wp-content/plugins/cryptronick-core/includes/post-types/team/team-register.php:17
Stack trace:
#0 /var/www/html/wp-content/plugins/cryptronick-core/includes/post-types/post-types-register.php(23): bptTeamRegister->__construct()
#1 /var/www/html/wp-includes/class-wp-hook.php(286): bptPostTypesRegister->register('')
#2 /var/www/html/wp-includes/class-wp-hook.php(310): WP_Hook->apply_filters(NULL, Array)
#3 /var/www/html/wp-includes/plugin.php(453): WP_Hook->do_action(Array)
#4 /var/www/html/wp-settings.php(434): do_action('after_setup_the...')
#5 /var/www/html/wp-config.php(93): require_once('/var/www/html/w...')
#6 /var/www/html/wp-load.php(37): require_once('/var/www/html/w...')
#7 /var/www/html/wp-blog-header.php(13): require_once('/var/www/html/w...')
#8 /var/www/html/index.php(17): require('/var/www/html/w...')
#9 {main}
  thrown

2018-10-24T02:05:27+00:00 CRITICAL Uncaught Error: Class 'Cryptronick_Theme_Helper' not found in /var/www/html/wp-content/plugins/cryptronick-core/includes/post-types/team/team-register.php:17
Stack trace:
#0 /var/www/html/wp-content/plugins/cryptronick-core/includes/post-types/post-types-register.php(23): bptTeamRegister->__construct()
#1 /var/www/html/wp-includes/class-wp-hook.php(286): bptPostTypesRegister->register('')
#2 /var/www/html/wp-includes/class-wp-hook.php(310): WP_Hook->apply_filters(NULL, Array)
#3 /var/www/html/wp-includes/plugin.php(453): WP_Hook->do_action(Array)
#4 /var/www/html/wp-settings.php(434): do_action('after_setup_the...')
#5 /var/www/html/wp-config.php(93): require_once('/var/www/html/w...')
#6 /var/www/html/wp-load.php(37): require_once('/var/www/html/w...')
#7 /var/www/html/wp-admin/admin.php(31): require_once('/var/www/html/w...')
#8 /var/www/html/wp-admin/index.php(10): require_once('/var/www/html/w...')
#9 {main}
  thrown

2018-10-24T02:05:40+00:00 CRITICAL Uncaught Error: Class 'Cryptronick_Theme_Helper' not found in /var/www/html/wp-content/plugins/cryptronick-core/includes/post-types/team/team-register.php:17
Stack trace:
#0 /var/www/html/wp-content/plugins/cryptronick-core/includes/post-types/post-types-register.php(23): bptTeamRegister->__construct()
#1 /var/www/html/wp-includes/class-wp-hook.php(286): bptPostTypesRegister->register('')
#2 /var/www/html/wp-includes/class-wp-hook.php(310): WP_Hook->apply_filters(NULL, Array)
#3 /var/www/html/wp-includes/plugin.php(453): WP_Hook->do_action(Array)
#4 /var/www/html/wp-settings.php(434): do_action('after_setup_the...')
#5 /var/www/html/wp-config.php(93): require_once('/var/www/html/w...')
#6 /var/www/html/wp-load.php(37): require_once('/var/www/html/w...')
#7 /var/www/html/wp-blog-header.php(13): require_once('/var/www/html/w...')
#8 /var/www/html/index.php(17): require('/var/www/html/w...')
#9 {main}
  thrown

2018-10-24T02:05:46+00:00 CRITICAL Uncaught Error: Class 'Cryptronick_Theme_Helper' not found in /var/www/html/wp-content/plugins/cryptronick-core/includes/post-types/team/team-register.php:17
Stack trace:
#0 /var/www/html/wp-content/plugins/cryptronick-core/includes/post-types/post-types-register.php(23): bptTeamRegister->__construct()
#1 /var/www/html/wp-includes/class-wp-hook.php(286): bptPostTypesRegister->register('')
#2 /var/www/html/wp-includes/class-wp-hook.php(310): WP_Hook->apply_filters(NULL, Array)
#3 /var/www/html/wp-includes/plugin.php(453): WP_Hook->do_action(Array)
#4 /var/www/html/wp-settings.php(434): do_action('after_setup_the...')
#5 /var/www/html/wp-config.php(93): require_once('/var/www/html/w...')
#6 /var/www/html/wp-load.php(37): require_once('/var/www/html/w...')
#7 /var/www/html/wp-blog-header.php(13): require_once('/var/www/html/w...')
#8 /var/www/html/index.php(17): require('/var/www/html/w...')
#9 {main}
  thrown

2018-10-24T02:05:48+00:00 CRITICAL Uncaught Error: Class 'Cryptronick_Theme_Helper' not found in /var/www/html/wp-content/plugins/cryptronick-core/includes/post-types/team/team-register.php:17
Stack trace:
#0 /var/www/html/wp-content/plugins/cryptronick-core/includes/post-types/post-types-register.php(23): bptTeamRegister->__construct()
#1 /var/www/html/wp-includes/class-wp-hook.php(286): bptPostTypesRegister->register('')
#2 /var/www/html/wp-includes/class-wp-hook.php(310): WP_Hook->apply_filters(NULL, Array)
#3 /var/www/html/wp-includes/plugin.php(453): WP_Hook->do_action(Array)
#4 /var/www/html/wp-settings.php(434): do_action('after_setup_the...')
#5 /var/www/html/wp-config.php(93): require_once('/var/www/html/w...')
#6 /var/www/html/wp-load.php(37): require_once('/var/www/html/w...')
#7 /var/www/html/wp-blog-header.php(13): require_once('/var/www/html/w...')
#8 /var/www/html/index.php(17): require('/var/www/html/w...')
#9 {main}
  thrown

2018-10-24T02:07:56+00:00 CRITICAL Uncaught Error: Class 'Cryptronick_Theme_Helper' not found in /var/www/html/wp-content/plugins/cryptronick-core/includes/post-types/team/team-register.php:17
Stack trace:
#0 /var/www/html/wp-content/plugins/cryptronick-core/includes/post-types/post-types-register.php(23): bptTeamRegister->__construct()
#1 /var/www/html/wp-includes/class-wp-hook.php(286): bptPostTypesRegister->register('')
#2 /var/www/html/wp-includes/class-wp-hook.php(310): WP_Hook->apply_filters(NULL, Array)
#3 /var/www/html/wp-includes/plugin.php(453): WP_Hook->do_action(Array)
#4 /var/www/html/wp-settings.php(434): do_action('after_setup_the...')
#5 /var/www/html/wp-config.php(93): require_once('/var/www/html/w...')
#6 /var/www/html/wp-load.php(37): require_once('/var/www/html/w...')
#7 /var/www/html/wp-admin/admin.php(31): require_once('/var/www/html/w...')
#8 /var/www/html/wp-admin/index.php(10): require_once('/var/www/html/w...')
#9 {main}
  thrown

2018-10-24T02:08:01+00:00 CRITICAL Uncaught Error: Class 'Cryptronick_Theme_Helper' not found in /var/www/html/wp-content/plugins/cryptronick-core/includes/post-types/team/team-register.php:17
Stack trace:
#0 /var/www/html/wp-content/plugins/cryptronick-core/includes/post-types/post-types-register.php(23): bptTeamRegister->__construct()
#1 /var/www/html/wp-includes/class-wp-hook.php(286): bptPostTypesRegister->register('')
#2 /var/www/html/wp-includes/class-wp-hook.php(310): WP_Hook->apply_filters(NULL, Array)
#3 /var/www/html/wp-includes/plugin.php(453): WP_Hook->do_action(Array)
#4 /var/www/html/wp-settings.php(434): do_action('after_setup_the...')
#5 /var/www/html/wp-config.php(93): require_once('/var/www/html/w...')
#6 /var/www/html/wp-load.php(37): require_once('/var/www/html/w...')
#7 /var/www/html/wp-admin/admin.php(31): require_once('/var/www/html/w...')
#8 /var/www/html/wp-admin/themes.php(10): require_once('/var/www/html/w...')
#9 {main}
  thrown

2018-10-24T02:08:05+00:00 CRITICAL Uncaught Error: Class 'Cryptronick_Theme_Helper' not found in /var/www/html/wp-content/plugins/cryptronick-core/includes/post-types/team/team-register.php:17
Stack trace:
#0 /var/www/html/wp-content/plugins/cryptronick-core/includes/post-types/post-types-register.php(23): bptTeamRegister->__construct()
#1 /var/www/html/wp-includes/class-wp-hook.php(286): bptPostTypesRegister->register('')
#2 /var/www/html/wp-includes/class-wp-hook.php(310): WP_Hook->apply_filters(NULL, Array)
#3 /var/www/html/wp-includes/plugin.php(453): WP_Hook->do_action(Array)
#4 /var/www/html/wp-settings.php(434): do_action('after_setup_the...')
#5 /var/www/html/wp-config.php(93): require_once('/var/www/html/w...')
#6 /var/www/html/wp-load.php(37): require_once('/var/www/html/w...')
#7 /var/www/html/wp-admin/admin.php(31): require_once('/var/www/html/w...')
#8 /var/www/html/wp-admin/themes.php(10): require_once('/var/www/html/w...')
#9 {main}
  thrown

2018-10-24T02:09:21+00:00 CRITICAL Uncaught Error: Class 'Cryptronick_Theme_Helper' not found in /var/www/html/wp-content/plugins/cryptronick-core/includes/post-types/team/team-register.php:17
Stack trace:
#0 /var/www/html/wp-content/plugins/cryptronick-core/includes/post-types/post-types-register.php(23): bptTeamRegister->__construct()
#1 /var/www/html/wp-includes/class-wp-hook.php(286): bptPostTypesRegister->register('')
#2 /var/www/html/wp-includes/class-wp-hook.php(310): WP_Hook->apply_filters(NULL, Array)
#3 /var/www/html/wp-includes/plugin.php(453): WP_Hook->do_action(Array)
#4 /var/www/html/wp-settings.php(434): do_action('after_setup_the...')
#5 /var/www/html/wp-config.php(93): require_once('/var/www/html/w...')
#6 /var/www/html/wp-load.php(37): require_once('/var/www/html/w...')
#7 /var/www/html/wp-blog-header.php(13): require_once('/var/www/html/w...')
#8 /var/www/html/index.php(17): require('/var/www/html/w...')
#9 {main}
  thrown

2018-10-24T02:10:05+00:00 CRITICAL Uncaught Error: Class 'Cryptronick_Theme_Helper' not found in /var/www/html/wp-content/plugins/cryptronick-core/includes/post-types/team/team-register.php:17
Stack trace:
#0 /var/www/html/wp-content/plugins/cryptronick-core/includes/post-types/post-types-register.php(23): bptTeamRegister->__construct()
#1 /var/www/html/wp-includes/class-wp-hook.php(286): bptPostTypesRegister->register('')
#2 /var/www/html/wp-includes/class-wp-hook.php(310): WP_Hook->apply_filters(NULL, Array)
#3 /var/www/html/wp-includes/plugin.php(453): WP_Hook->do_action(Array)
#4 /var/www/html/wp-settings.php(434): do_action('after_setup_the...')
#5 /var/www/html/wp-config.php(93): require_once('/var/www/html/w...')
#6 /var/www/html/wp-load.php(37): require_once('/var/www/html/w...')
#7 /var/www/html/wp-blog-header.php(13): require_once('/var/www/html/w...')
#8 /var/www/html/index.php(17): require('/var/www/html/w...')
#9 {main}
  thrown

2018-10-24T02:10:22+00:00 CRITICAL Uncaught Error: Class 'Cryptronick_Theme_Helper' not found in /var/www/html/wp-content/plugins/cryptronick-core/includes/post-types/team/team-register.php:17
Stack trace:
#0 /var/www/html/wp-content/plugins/cryptronick-core/includes/post-types/post-types-register.php(23): bptTeamRegister->__construct()
#1 /var/www/html/wp-includes/class-wp-hook.php(286): bptPostTypesRegister->register('')
#2 /var/www/html/wp-includes/class-wp-hook.php(310): WP_Hook->apply_filters(NULL, Array)
#3 /var/www/html/wp-includes/plugin.php(453): WP_Hook->do_action(Array)
#4 /var/www/html/wp-settings.php(434): do_action('after_setup_the...')
#5 /var/www/html/wp-config.php(93): require_once('/var/www/html/w...')
#6 /var/www/html/wp-load.php(37): require_once('/var/www/html/w...')
#7 /var/www/html/wp-blog-header.php(13): require_once('/var/www/html/w...')
#8 /var/www/html/index.php(17): require('/var/www/html/w...')
#9 {main}
  thrown

2018-10-24T02:10:28+00:00 CRITICAL Uncaught Error: Class 'Cryptronick_Theme_Helper' not found in /var/www/html/wp-content/plugins/cryptronick-core/includes/post-types/team/team-register.php:17
Stack trace:
#0 /var/www/html/wp-content/plugins/cryptronick-core/includes/post-types/post-types-register.php(23): bptTeamRegister->__construct()
#1 /var/www/html/wp-includes/class-wp-hook.php(286): bptPostTypesRegister->register('')
#2 /var/www/html/wp-includes/class-wp-hook.php(310): WP_Hook->apply_filters(NULL, Array)
#3 /var/www/html/wp-includes/plugin.php(453): WP_Hook->do_action(Array)
#4 /var/www/html/wp-settings.php(434): do_action('after_setup_the...')
#5 /var/www/html/wp-config.php(93): require_once('/var/www/html/w...')
#6 /var/www/html/wp-load.php(37): require_once('/var/www/html/w...')
#7 /var/www/html/wp-admin/admin.php(31): require_once('/var/www/html/w...')
#8 /var/www/html/wp-admin/index.php(10): require_once('/var/www/html/w...')
#9 {main}
  thrown

2018-10-24T02:11:07+00:00 CRITICAL Uncaught Error: Class 'Cryptronick_Theme_Helper' not found in /var/www/html/wp-content/plugins/cryptronick-core/includes/post-types/team/team-register.php:17
Stack trace:
#0 /var/www/html/wp-content/plugins/cryptronick-core/includes/post-types/post-types-register.php(23): bptTeamRegister->__construct()
#1 /var/www/html/wp-includes/class-wp-hook.php(286): bptPostTypesRegister->register('')
#2 /var/www/html/wp-includes/class-wp-hook.php(310): WP_Hook->apply_filters(NULL, Array)
#3 /var/www/html/wp-includes/plugin.php(453): WP_Hook->do_action(Array)
#4 /var/www/html/wp-settings.php(434): do_action('after_setup_the...')
#5 /var/www/html/wp-config.php(93): require_once('/var/www/html/w...')
#6 /var/www/html/wp-load.php(37): require_once('/var/www/html/w...')
#7 /var/www/html/wp-blog-header.php(13): require_once('/var/www/html/w...')
#8 /var/www/html/index.php(17): require('/var/www/html/w...')
#9 {main}
  thrown

2018-10-24T02:11:15+00:00 CRITICAL Uncaught Error: Class 'Cryptronick_Theme_Helper' not found in /var/www/html/wp-content/plugins/cryptronick-core/includes/post-types/team/team-register.php:17
Stack trace:
#0 /var/www/html/wp-content/plugins/cryptronick-core/includes/post-types/post-types-register.php(23): bptTeamRegister->__construct()
#1 /var/www/html/wp-includes/class-wp-hook.php(286): bptPostTypesRegister->register('')
#2 /var/www/html/wp-includes/class-wp-hook.php(310): WP_Hook->apply_filters(NULL, Array)
#3 /var/www/html/wp-includes/plugin.php(453): WP_Hook->do_action(Array)
#4 /var/www/html/wp-settings.php(434): do_action('after_setup_the...')
#5 /var/www/html/wp-config.php(93): require_once('/var/www/html/w...')
#6 /var/www/html/wp-load.php(37): require_once('/var/www/html/w...')
#7 /var/www/html/wp-blog-header.php(13): require_once('/var/www/html/w...')
#8 /var/www/html/index.php(17): require('/var/www/html/w...')
#9 {main}
  thrown

2018-10-24T02:11:34+00:00 CRITICAL Uncaught Error: Class 'Cryptronick_Theme_Helper' not found in /var/www/html/wp-content/plugins/cryptronick-core/includes/post-types/team/team-register.php:17
Stack trace:
#0 /var/www/html/wp-content/plugins/cryptronick-core/includes/post-types/post-types-register.php(23): bptTeamRegister->__construct()
#1 /var/www/html/wp-includes/class-wp-hook.php(286): bptPostTypesRegister->register('')
#2 /var/www/html/wp-includes/class-wp-hook.php(310): WP_Hook->apply_filters(NULL, Array)
#3 /var/www/html/wp-includes/plugin.php(453): WP_Hook->do_action(Array)
#4 /var/www/html/wp-settings.php(434): do_action('after_setup_the...')
#5 /var/www/html/wp-config.php(93): require_once('/var/www/html/w...')
#6 /var/www/html/wp-load.php(37): require_once('/var/www/html/w...')
#7 /var/www/html/wp-blog-header.php(13): require_once('/var/www/html/w...')
#8 /var/www/html/index.php(17): require('/var/www/html/w...')
#9 {main}
  thrown

2018-10-24T02:12:14+00:00 CRITICAL Uncaught Error: Class 'Cryptronick_Theme_Helper' not found in /var/www/html/wp-content/plugins/cryptronick-core/includes/post-types/team/team-register.php:17
Stack trace:
#0 /var/www/html/wp-content/plugins/cryptronick-core/includes/post-types/post-types-register.php(23): bptTeamRegister->__construct()
#1 /var/www/html/wp-includes/class-wp-hook.php(286): bptPostTypesRegister->register('')
#2 /var/www/html/wp-includes/class-wp-hook.php(310): WP_Hook->apply_filters(NULL, Array)
#3 /var/www/html/wp-includes/plugin.php(453): WP_Hook->do_action(Array)
#4 /var/www/html/wp-settings.php(434): do_action('after_setup_the...')
#5 /var/www/html/wp-config.php(93): require_once('/var/www/html/w...')
#6 /var/www/html/wp-load.php(37): require_once('/var/www/html/w...')
#7 /var/www/html/wp-blog-header.php(13): require_once('/var/www/html/w...')
#8 /var/www/html/index.php(17): require('/var/www/html/w...')
#9 {main}
  thrown

2018-10-24T02:12:20+00:00 CRITICAL Uncaught Error: Class 'Cryptronick_Theme_Helper' not found in /var/www/html/wp-content/plugins/cryptronick-core/includes/post-types/team/team-register.php:17
Stack trace:
#0 /var/www/html/wp-content/plugins/cryptronick-core/includes/post-types/post-types-register.php(23): bptTeamRegister->__construct()
#1 /var/www/html/wp-includes/class-wp-hook.php(286): bptPostTypesRegister->register('')
#2 /var/www/html/wp-includes/class-wp-hook.php(310): WP_Hook->apply_filters(NULL, Array)
#3 /var/www/html/wp-includes/plugin.php(453): WP_Hook->do_action(Array)
#4 /var/www/html/wp-settings.php(434): do_action('after_setup_the...')
#5 /var/www/html/wp-config.php(93): require_once('/var/www/html/w...')
#6 /var/www/html/wp-load.php(37): require_once('/var/www/html/w...')
#7 /var/www/html/wp-admin/admin.php(31): require_once('/var/www/html/w...')
#8 /var/www/html/wp-admin/index.php(10): require_once('/var/www/html/w...')
#9 {main}
  thrown

2018-10-24T02:13:11+00:00 CRITICAL Uncaught Error: Class 'Cryptronick_Theme_Helper' not found in /var/www/html/wp-content/plugins/cryptronick-core/includes/post-types/team/team-register.php:17
Stack trace:
#0 /var/www/html/wp-content/plugins/cryptronick-core/includes/post-types/post-types-register.php(23): bptTeamRegister->__construct()
#1 /var/www/html/wp-includes/class-wp-hook.php(286): bptPostTypesRegister->register('')
#2 /var/www/html/wp-includes/class-wp-hook.php(310): WP_Hook->apply_filters(NULL, Array)
#3 /var/www/html/wp-includes/plugin.php(453): WP_Hook->do_action(Array)
#4 /var/www/html/wp-settings.php(434): do_action('after_setup_the...')
#5 /var/www/html/wp-config.php(93): require_once('/var/www/html/w...')
#6 /var/www/html/wp-load.php(37): require_once('/var/www/html/w...')
#7 /var/www/html/wp-admin/admin.php(31): require_once('/var/www/html/w...')
#8 /var/www/html/wp-admin/index.php(10): require_once('/var/www/html/w...')
#9 {main}
  thrown

2018-10-24T02:22:51+00:00 CRITICAL Uncaught Error: Class 'Cryptronick_Theme_Helper' not found in /var/www/html/wp-content/plugins/cryptronick-core/includes/post-types/team/team-register.php:17
Stack trace:
#0 /var/www/html/wp-content/plugins/cryptronick-core/includes/post-types/post-types-register.php(23): bptTeamRegister->__construct()
#1 /var/www/html/wp-includes/class-wp-hook.php(286): bptPostTypesRegister->register('')
#2 /var/www/html/wp-includes/class-wp-hook.php(310): WP_Hook->apply_filters(NULL, Array)
#3 /var/www/html/wp-includes/plugin.php(453): WP_Hook->do_action(Array)
#4 /var/www/html/wp-settings.php(434): do_action('after_setup_the...')
#5 /var/www/html/wp-config.php(93): require_once('/var/www/html/w...')
#6 /var/www/html/wp-load.php(37): require_once('/var/www/html/w...')
#7 /var/www/html/wp-blog-header.php(13): require_once('/var/www/html/w...')
#8 /var/www/html/index.php(17): require('/var/www/html/w...')
#9 {main}
  thrown

2018-10-24T02:22:56+00:00 CRITICAL Uncaught Error: Class 'Cryptronick_Theme_Helper' not found in /var/www/html/wp-content/plugins/cryptronick-core/includes/post-types/team/team-register.php:17
Stack trace:
#0 /var/www/html/wp-content/plugins/cryptronick-core/includes/post-types/post-types-register.php(23): bptTeamRegister->__construct()
#1 /var/www/html/wp-includes/class-wp-hook.php(286): bptPostTypesRegister->register('')
#2 /var/www/html/wp-includes/class-wp-hook.php(310): WP_Hook->apply_filters(NULL, Array)
#3 /var/www/html/wp-includes/plugin.php(453): WP_Hook->do_action(Array)
#4 /var/www/html/wp-settings.php(434): do_action('after_setup_the...')
#5 /var/www/html/wp-config.php(93): require_once('/var/www/html/w...')
#6 /var/www/html/wp-load.php(37): require_once('/var/www/html/w...')
#7 /var/www/html/wp-admin/admin.php(31): require_once('/var/www/html/w...')
#8 /var/www/html/wp-admin/index.php(10): require_once('/var/www/html/w...')
#9 {main}
  thrown

2018-10-24T02:23:56+00:00 CRITICAL Uncaught Error: Class 'Cryptronick_Theme_Helper' not found in /var/www/html/wp-content/plugins/cryptronick-core/includes/post-types/team/team-register.php:17
Stack trace:
#0 /var/www/html/wp-content/plugins/cryptronick-core/includes/post-types/post-types-register.php(23): bptTeamRegister->__construct()
#1 /var/www/html/wp-includes/class-wp-hook.php(286): bptPostTypesRegister->register('')
#2 /var/www/html/wp-includes/class-wp-hook.php(310): WP_Hook->apply_filters(NULL, Array)
#3 /var/www/html/wp-includes/plugin.php(453): WP_Hook->do_action(Array)
#4 /var/www/html/wp-settings.php(434): do_action('after_setup_the...')
#5 /var/www/html/wp-config.php(93): require_once('/var/www/html/w...')
#6 /var/www/html/wp-load.php(37): require_once('/var/www/html/w...')
#7 /var/www/html/wp-admin/admin.php(31): require_once('/var/www/html/w...')
#8 /var/www/html/wp-admin/index.php(10): require_once('/var/www/html/w...')
#9 {main}
  thrown

2018-10-24T02:24:00+00:00 CRITICAL Uncaught Error: Class 'Cryptronick_Theme_Helper' not found in /var/www/html/wp-content/plugins/cryptronick-core/includes/post-types/team/team-register.php:17
Stack trace:
#0 /var/www/html/wp-content/plugins/cryptronick-core/includes/post-types/post-types-register.php(23): bptTeamRegister->__construct()
#1 /var/www/html/wp-includes/class-wp-hook.php(286): bptPostTypesRegister->register('')
#2 /var/www/html/wp-includes/class-wp-hook.php(310): WP_Hook->apply_filters(NULL, Array)
#3 /var/www/html/wp-includes/plugin.php(453): WP_Hook->do_action(Array)
#4 /var/www/html/wp-settings.php(434): do_action('after_setup_the...')
#5 /var/www/html/wp-config.php(93): require_once('/var/www/html/w...')
#6 /var/www/html/wp-load.php(37): require_once('/var/www/html/w...')
#7 /var/www/html/wp-admin/admin.php(31): require_once('/var/www/html/w...')
#8 /var/www/html/wp-admin/index.php(10): require_once('/var/www/html/w...')
#9 {main}
  thrown

2018-10-24T02:24:05+00:00 CRITICAL Uncaught Error: Class 'Cryptronick_Theme_Helper' not found in /var/www/html/wp-content/plugins/cryptronick-core/includes/post-types/team/team-register.php:17
Stack trace:
#0 /var/www/html/wp-content/plugins/cryptronick-core/includes/post-types/post-types-register.php(23): bptTeamRegister->__construct()
#1 /var/www/html/wp-includes/class-wp-hook.php(286): bptPostTypesRegister->register('')
#2 /var/www/html/wp-includes/class-wp-hook.php(310): WP_Hook->apply_filters(NULL, Array)
#3 /var/www/html/wp-includes/plugin.php(453): WP_Hook->do_action(Array)
#4 /var/www/html/wp-settings.php(434): do_action('after_setup_the...')
#5 /var/www/html/wp-config.php(93): require_once('/var/www/html/w...')
#6 /var/www/html/wp-load.php(37): require_once('/var/www/html/w...')
#7 /var/www/html/wp-blog-header.php(13): require_once('/var/www/html/w...')
#8 /var/www/html/index.php(17): require('/var/www/html/w...')
#9 {main}
  thrown

2018-10-24T02:30:17+00:00 CRITICAL Uncaught Error: Class 'Cryptronick_Theme_Helper' not found in /var/www/html/wp-content/plugins/cryptronick-core/includes/post-types/team/team-register.php:17
Stack trace:
#0 /var/www/html/wp-content/plugins/cryptronick-core/includes/post-types/post-types-register.php(23): bptTeamRegister->__construct()
#1 /var/www/html/wp-includes/class-wp-hook.php(286): bptPostTypesRegister->register('')
#2 /var/www/html/wp-includes/class-wp-hook.php(310): WP_Hook->apply_filters(NULL, Array)
#3 /var/www/html/wp-includes/plugin.php(453): WP_Hook->do_action(Array)
#4 /var/www/html/wp-settings.php(434): do_action('after_setup_the...')
#5 /var/www/html/wp-config.php(93): require_once('/var/www/html/w...')
#6 /var/www/html/wp-load.php(37): require_once('/var/www/html/w...')
#7 /var/www/html/wp-blog-header.php(13): require_once('/var/www/html/w...')
#8 /var/www/html/index.php(17): require('/var/www/html/w...')
#9 {main}
  thrown

2018-10-24T02:30:25+00:00 CRITICAL Uncaught Error: Class 'Cryptronick_Theme_Helper' not found in /var/www/html/wp-content/plugins/cryptronick-core/includes/post-types/team/team-register.php:17
Stack trace:
#0 /var/www/html/wp-content/plugins/cryptronick-core/includes/post-types/post-types-register.php(23): bptTeamRegister->__construct()
#1 /var/www/html/wp-includes/class-wp-hook.php(286): bptPostTypesRegister->register('')
#2 /var/www/html/wp-includes/class-wp-hook.php(310): WP_Hook->apply_filters(NULL, Array)
#3 /var/www/html/wp-includes/plugin.php(453): WP_Hook->do_action(Array)
#4 /var/www/html/wp-settings.php(434): do_action('after_setup_the...')
#5 /var/www/html/wp-config.php(93): require_once('/var/www/html/w...')
#6 /var/www/html/wp-load.php(37): require_once('/var/www/html/w...')
#7 /var/www/html/wp-admin/admin.php(31): require_once('/var/www/html/w...')
#8 /var/www/html/wp-admin/index.php(10): require_once('/var/www/html/w...')
#9 {main}
  thrown

2018-10-24T02:30:45+00:00 CRITICAL Uncaught Error: Class 'Cryptronick_Theme_Helper' not found in /var/www/html/wp-content/plugins/cryptronick-core/includes/post-types/team/team-register.php:17
Stack trace:
#0 /var/www/html/wp-content/plugins/cryptronick-core/includes/post-types/post-types-register.php(23): bptTeamRegister->__construct()
#1 /var/www/html/wp-includes/class-wp-hook.php(286): bptPostTypesRegister->register('')
#2 /var/www/html/wp-includes/class-wp-hook.php(310): WP_Hook->apply_filters(NULL, Array)
#3 /var/www/html/wp-includes/plugin.php(453): WP_Hook->do_action(Array)
#4 /var/www/html/wp-settings.php(434): do_action('after_setup_the...')
#5 /var/www/html/wp-config.php(93): require_once('/var/www/html/w...')
#6 /var/www/html/wp-load.php(37): require_once('/var/www/html/w...')
#7 /var/www/html/wp-admin/admin.php(31): require_once('/var/www/html/w...')
#8 /var/www/html/wp-admin/index.php(10): require_once('/var/www/html/w...')
#9 {main}
  thrown

2018-10-24T03:14:22+00:00 CRITICAL Uncaught Error: Class 'Cryptronick_Theme_Helper' not found in /var/www/html/wp-content/plugins/cryptronick-core/includes/post-types/team/team-register.php:17
Stack trace:
#0 /var/www/html/wp-content/plugins/cryptronick-core/includes/post-types/post-types-register.php(23): bptTeamRegister->__construct()
#1 /var/www/html/wp-includes/class-wp-hook.php(286): bptPostTypesRegister->register('')
#2 /var/www/html/wp-includes/class-wp-hook.php(310): WP_Hook->apply_filters(NULL, Array)
#3 /var/www/html/wp-includes/plugin.php(453): WP_Hook->do_action(Array)
#4 /var/www/html/wp-settings.php(434): do_action('after_setup_the...')
#5 /var/www/html/wp-config.php(93): require_once('/var/www/html/w...')
#6 /var/www/html/wp-load.php(37): require_once('/var/www/html/w...')
#7 /var/www/html/wp-blog-header.php(13): require_once('/var/www/html/w...')
#8 /var/www/html/index.php(17): require('/var/www/html/w...')
#9 {main}
  thrown

2018-10-24T03:14:26+00:00 CRITICAL Uncaught Error: Class 'Cryptronick_Theme_Helper' not found in /var/www/html/wp-content/plugins/cryptronick-core/includes/post-types/team/team-register.php:17
Stack trace:
#0 /var/www/html/wp-content/plugins/cryptronick-core/includes/post-types/post-types-register.php(23): bptTeamRegister->__construct()
#1 /var/www/html/wp-includes/class-wp-hook.php(286): bptPostTypesRegister->register('')
#2 /var/www/html/wp-includes/class-wp-hook.php(310): WP_Hook->apply_filters(NULL, Array)
#3 /var/www/html/wp-includes/plugin.php(453): WP_Hook->do_action(Array)
#4 /var/www/html/wp-settings.php(434): do_action('after_setup_the...')
#5 /var/www/html/wp-config.php(93): require_once('/var/www/html/w...')
#6 /var/www/html/wp-load.php(37): require_once('/var/www/html/w...')
#7 /var/www/html/wp-blog-header.php(13): require_once('/var/www/html/w...')
#8 /var/www/html/index.php(17): require('/var/www/html/w...')
#9 {main}
  thrown

2018-10-24T03:14:30+00:00 CRITICAL Uncaught Error: Class 'Cryptronick_Theme_Helper' not found in /var/www/html/wp-content/plugins/cryptronick-core/includes/post-types/team/team-register.php:17
Stack trace:
#0 /var/www/html/wp-content/plugins/cryptronick-core/includes/post-types/post-types-register.php(23): bptTeamRegister->__construct()
#1 /var/www/html/wp-includes/class-wp-hook.php(286): bptPostTypesRegister->register('')
#2 /var/www/html/wp-includes/class-wp-hook.php(310): WP_Hook->apply_filters(NULL, Array)
#3 /var/www/html/wp-includes/plugin.php(453): WP_Hook->do_action(Array)
#4 /var/www/html/wp-settings.php(434): do_action('after_setup_the...')
#5 /var/www/html/wp-config.php(93): require_once('/var/www/html/w...')
#6 /var/www/html/wp-load.php(37): require_once('/var/www/html/w...')
#7 /var/www/html/wp-blog-header.php(13): require_once('/var/www/html/w...')
#8 /var/www/html/index.php(17): require('/var/www/html/w...')
#9 {main}
  thrown

2018-10-24T03:14:31+00:00 CRITICAL Uncaught Error: Class 'Cryptronick_Theme_Helper' not found in /var/www/html/wp-content/plugins/cryptronick-core/includes/post-types/team/team-register.php:17
Stack trace:
#0 /var/www/html/wp-content/plugins/cryptronick-core/includes/post-types/post-types-register.php(23): bptTeamRegister->__construct()
#1 /var/www/html/wp-includes/class-wp-hook.php(286): bptPostTypesRegister->register('')
#2 /var/www/html/wp-includes/class-wp-hook.php(310): WP_Hook->apply_filters(NULL, Array)
#3 /var/www/html/wp-includes/plugin.php(453): WP_Hook->do_action(Array)
#4 /var/www/html/wp-settings.php(434): do_action('after_setup_the...')
#5 /var/www/html/wp-config.php(93): require_once('/var/www/html/w...')
#6 /var/www/html/wp-load.php(37): require_once('/var/www/html/w...')
#7 /var/www/html/wp-blog-header.php(13): require_once('/var/www/html/w...')
#8 /var/www/html/index.php(17): require('/var/www/html/w...')
#9 {main}
  thrown

2018-10-24T03:14:34+00:00 CRITICAL Uncaught Error: Class 'Cryptronick_Theme_Helper' not found in /var/www/html/wp-content/plugins/cryptronick-core/includes/post-types/team/team-register.php:17
Stack trace:
#0 /var/www/html/wp-content/plugins/cryptronick-core/includes/post-types/post-types-register.php(23): bptTeamRegister->__construct()
#1 /var/www/html/wp-includes/class-wp-hook.php(286): bptPostTypesRegister->register('')
#2 /var/www/html/wp-includes/class-wp-hook.php(310): WP_Hook->apply_filters(NULL, Array)
#3 /var/www/html/wp-includes/plugin.php(453): WP_Hook->do_action(Array)
#4 /var/www/html/wp-settings.php(434): do_action('after_setup_the...')
#5 /var/www/html/wp-config.php(93): require_once('/var/www/html/w...')
#6 /var/www/html/wp-load.php(37): require_once('/var/www/html/w...')
#7 /var/www/html/wp-blog-header.php(13): require_once('/var/www/html/w...')
#8 /var/www/html/index.php(17): require('/var/www/html/w...')
#9 {main}
  thrown

2018-10-24T03:14:39+00:00 CRITICAL Uncaught Error: Class 'Cryptronick_Theme_Helper' not found in /var/www/html/wp-content/plugins/cryptronick-core/includes/post-types/team/team-register.php:17
Stack trace:
#0 /var/www/html/wp-content/plugins/cryptronick-core/includes/post-types/post-types-register.php(23): bptTeamRegister->__construct()
#1 /var/www/html/wp-includes/class-wp-hook.php(286): bptPostTypesRegister->register('')
#2 /var/www/html/wp-includes/class-wp-hook.php(310): WP_Hook->apply_filters(NULL, Array)
#3 /var/www/html/wp-includes/plugin.php(453): WP_Hook->do_action(Array)
#4 /var/www/html/wp-settings.php(434): do_action('after_setup_the...')
#5 /var/www/html/wp-config.php(93): require_once('/var/www/html/w...')
#6 /var/www/html/wp-load.php(37): require_once('/var/www/html/w...')
#7 /var/www/html/wp-blog-header.php(13): require_once('/var/www/html/w...')
#8 /var/www/html/index.php(17): require('/var/www/html/w...')
#9 {main}
  thrown

2018-10-24T03:15:02+00:00 CRITICAL Uncaught Error: Class 'Cryptronick_Theme_Helper' not found in /var/www/html/wp-content/plugins/cryptronick-core/includes/post-types/team/team-register.php:17
Stack trace:
#0 /var/www/html/wp-content/plugins/cryptronick-core/includes/post-types/post-types-register.php(23): bptTeamRegister->__construct()
#1 /var/www/html/wp-includes/class-wp-hook.php(286): bptPostTypesRegister->register('')
#2 /var/www/html/wp-includes/class-wp-hook.php(310): WP_Hook->apply_filters(NULL, Array)
#3 /var/www/html/wp-includes/plugin.php(453): WP_Hook->do_action(Array)
#4 /var/www/html/wp-settings.php(434): do_action('after_setup_the...')
#5 /var/www/html/wp-config.php(93): require_once('/var/www/html/w...')
#6 /var/www/html/wp-load.php(37): require_once('/var/www/html/w...')
#7 /var/www/html/wp-blog-header.php(13): require_once('/var/www/html/w...')
#8 /var/www/html/index.php(17): require('/var/www/html/w...')
#9 {main}
  thrown

2018-10-24T03:16:13+00:00 CRITICAL Uncaught Error: Class 'Cryptronick_Theme_Helper' not found in /var/www/html/wp-content/plugins/cryptronick-core/includes/post-types/team/team-register.php:17
Stack trace:
#0 /var/www/html/wp-content/plugins/cryptronick-core/includes/post-types/post-types-register.php(23): bptTeamRegister->__construct()
#1 /var/www/html/wp-includes/class-wp-hook.php(286): bptPostTypesRegister->register('')
#2 /var/www/html/wp-includes/class-wp-hook.php(310): WP_Hook->apply_filters(NULL, Array)
#3 /var/www/html/wp-includes/plugin.php(453): WP_Hook->do_action(Array)
#4 /var/www/html/wp-settings.php(434): do_action('after_setup_the...')
#5 /var/www/html/wp-config.php(93): require_once('/var/www/html/w...')
#6 /var/www/html/wp-load.php(37): require_once('/var/www/html/w...')
#7 /var/www/html/wp-blog-header.php(13): require_once('/var/www/html/w...')
#8 /var/www/html/index.php(17): require('/var/www/html/w...')
#9 {main}
  thrown

2018-10-24T03:16:18+00:00 CRITICAL Uncaught Error: Class 'Cryptronick_Theme_Helper' not found in /var/www/html/wp-content/plugins/cryptronick-core/includes/post-types/team/team-register.php:17
Stack trace:
#0 /var/www/html/wp-content/plugins/cryptronick-core/includes/post-types/post-types-register.php(23): bptTeamRegister->__construct()
#1 /var/www/html/wp-includes/class-wp-hook.php(286): bptPostTypesRegister->register('')
#2 /var/www/html/wp-includes/class-wp-hook.php(310): WP_Hook->apply_filters(NULL, Array)
#3 /var/www/html/wp-includes/plugin.php(453): WP_Hook->do_action(Array)
#4 /var/www/html/wp-settings.php(434): do_action('after_setup_the...')
#5 /var/www/html/wp-config.php(93): require_once('/var/www/html/w...')
#6 /var/www/html/wp-load.php(37): require_once('/var/www/html/w...')
#7 /var/www/html/wp-blog-header.php(13): require_once('/var/www/html/w...')
#8 /var/www/html/index.php(17): require('/var/www/html/w...')
#9 {main}
  thrown

2018-10-24T03:16:34+00:00 CRITICAL Uncaught Error: Class 'Cryptronick_Theme_Helper' not found in /var/www/html/wp-content/plugins/cryptronick-core/includes/post-types/team/team-register.php:17
Stack trace:
#0 /var/www/html/wp-content/plugins/cryptronick-core/includes/post-types/post-types-register.php(23): bptTeamRegister->__construct()
#1 /var/www/html/wp-includes/class-wp-hook.php(286): bptPostTypesRegister->register('')
#2 /var/www/html/wp-includes/class-wp-hook.php(310): WP_Hook->apply_filters(NULL, Array)
#3 /var/www/html/wp-includes/plugin.php(453): WP_Hook->do_action(Array)
#4 /var/www/html/wp-settings.php(434): do_action('after_setup_the...')
#5 /var/www/html/wp-config.php(93): require_once('/var/www/html/w...')
#6 /var/www/html/wp-load.php(37): require_once('/var/www/html/w...')
#7 /var/www/html/wp-blog-header.php(13): require_once('/var/www/html/w...')
#8 /var/www/html/index.php(17): require('/var/www/html/w...')
#9 {main}
  thrown

2018-10-24T03:18:20+00:00 CRITICAL Uncaught Error: Class 'Cryptronick_Theme_Helper' not found in /var/www/html/wp-content/plugins/cryptronick-core/includes/post-types/team/team-register.php:17
Stack trace:
#0 /var/www/html/wp-content/plugins/cryptronick-core/includes/post-types/post-types-register.php(23): bptTeamRegister->__construct()
#1 /var/www/html/wp-includes/class-wp-hook.php(286): bptPostTypesRegister->register('')
#2 /var/www/html/wp-includes/class-wp-hook.php(310): WP_Hook->apply_filters(NULL, Array)
#3 /var/www/html/wp-includes/plugin.php(453): WP_Hook->do_action(Array)
#4 /var/www/html/wp-settings.php(434): do_action('after_setup_the...')
#5 /var/www/html/wp-config.php(93): require_once('/var/www/html/w...')
#6 /var/www/html/wp-load.php(37): require_once('/var/www/html/w...')
#7 /var/www/html/wp-blog-header.php(13): require_once('/var/www/html/w...')
#8 /var/www/html/index.php(17): require('/var/www/html/w...')
#9 {main}
  thrown

2018-10-24T03:18:22+00:00 CRITICAL Uncaught Error: Class 'Cryptronick_Theme_Helper' not found in /var/www/html/wp-content/plugins/cryptronick-core/includes/post-types/team/team-register.php:17
Stack trace:
#0 /var/www/html/wp-content/plugins/cryptronick-core/includes/post-types/post-types-register.php(23): bptTeamRegister->__construct()
#1 /var/www/html/wp-includes/class-wp-hook.php(286): bptPostTypesRegister->register('')
#2 /var/www/html/wp-includes/class-wp-hook.php(310): WP_Hook->apply_filters(NULL, Array)
#3 /var/www/html/wp-includes/plugin.php(453): WP_Hook->do_action(Array)
#4 /var/www/html/wp-settings.php(434): do_action('after_setup_the...')
#5 /var/www/html/wp-config.php(93): require_once('/var/www/html/w...')
#6 /var/www/html/wp-load.php(37): require_once('/var/www/html/w...')
#7 /var/www/html/wp-blog-header.php(13): require_once('/var/www/html/w...')
#8 /var/www/html/index.php(17): require('/var/www/html/w...')
#9 {main}
  thrown

2018-10-24T03:18:24+00:00 CRITICAL Uncaught Error: Class 'Cryptronick_Theme_Helper' not found in /var/www/html/wp-content/plugins/cryptronick-core/includes/post-types/team/team-register.php:17
Stack trace:
#0 /var/www/html/wp-content/plugins/cryptronick-core/includes/post-types/post-types-register.php(23): bptTeamRegister->__construct()
#1 /var/www/html/wp-includes/class-wp-hook.php(286): bptPostTypesRegister->register('')
#2 /var/www/html/wp-includes/class-wp-hook.php(310): WP_Hook->apply_filters(NULL, Array)
#3 /var/www/html/wp-includes/plugin.php(453): WP_Hook->do_action(Array)
#4 /var/www/html/wp-settings.php(434): do_action('after_setup_the...')
#5 /var/www/html/wp-config.php(93): require_once('/var/www/html/w...')
#6 /var/www/html/wp-load.php(37): require_once('/var/www/html/w...')
#7 /var/www/html/wp-blog-header.php(13): require_once('/var/www/html/w...')
#8 /var/www/html/index.php(17): require('/var/www/html/w...')
#9 {main}
  thrown

2018-10-24T03:19:03+00:00 CRITICAL Uncaught Error: Class 'Cryptronick_Theme_Helper' not found in /var/www/html/wp-content/plugins/cryptronick-core/includes/post-types/team/team-register.php:17
Stack trace:
#0 /var/www/html/wp-content/plugins/cryptronick-core/includes/post-types/post-types-register.php(23): bptTeamRegister->__construct()
#1 /var/www/html/wp-includes/class-wp-hook.php(286): bptPostTypesRegister->register('')
#2 /var/www/html/wp-includes/class-wp-hook.php(310): WP_Hook->apply_filters(NULL, Array)
#3 /var/www/html/wp-includes/plugin.php(453): WP_Hook->do_action(Array)
#4 /var/www/html/wp-settings.php(434): do_action('after_setup_the...')
#5 /var/www/html/wp-config.php(93): require_once('/var/www/html/w...')
#6 /var/www/html/wp-load.php(37): require_once('/var/www/html/w...')
#7 /var/www/html/wp-blog-header.php(13): require_once('/var/www/html/w...')
#8 /var/www/html/index.php(17): require('/var/www/html/w...')
#9 {main}
  thrown

2018-10-24T03:19:06+00:00 CRITICAL Uncaught Error: Class 'Cryptronick_Theme_Helper' not found in /var/www/html/wp-content/plugins/cryptronick-core/includes/post-types/team/team-register.php:17
Stack trace:
#0 /var/www/html/wp-content/plugins/cryptronick-core/includes/post-types/post-types-register.php(23): bptTeamRegister->__construct()
#1 /var/www/html/wp-includes/class-wp-hook.php(286): bptPostTypesRegister->register('')
#2 /var/www/html/wp-includes/class-wp-hook.php(310): WP_Hook->apply_filters(NULL, Array)
#3 /var/www/html/wp-includes/plugin.php(453): WP_Hook->do_action(Array)
#4 /var/www/html/wp-settings.php(434): do_action('after_setup_the...')
#5 /var/www/html/wp-config.php(93): require_once('/var/www/html/w...')
#6 /var/www/html/wp-load.php(37): require_once('/var/www/html/w...')
#7 /var/www/html/wp-admin/admin.php(31): require_once('/var/www/html/w...')
#8 /var/www/html/wp-admin/index.php(10): require_once('/var/www/html/w...')
#9 {main}
  thrown

2018-10-24T03:22:13+00:00 CRITICAL Uncaught Error: Class 'Cryptronick_Theme_Helper' not found in /var/www/html/wp-content/plugins/cryptronick-core/includes/post-types/team/team-register.php:17
Stack trace:
#0 /var/www/html/wp-content/plugins/cryptronick-core/includes/post-types/post-types-register.php(23): bptTeamRegister->__construct()
#1 /var/www/html/wp-includes/class-wp-hook.php(286): bptPostTypesRegister->register('')
#2 /var/www/html/wp-includes/class-wp-hook.php(310): WP_Hook->apply_filters(NULL, Array)
#3 /var/www/html/wp-includes/plugin.php(453): WP_Hook->do_action(Array)
#4 /var/www/html/wp-settings.php(434): do_action('after_setup_the...')
#5 /var/www/html/wp-config.php(93): require_once('/var/www/html/w...')
#6 /var/www/html/wp-load.php(37): require_once('/var/www/html/w...')
#7 /var/www/html/wp-blog-header.php(13): require_once('/var/www/html/w...')
#8 /var/www/html/index.php(17): require('/var/www/html/w...')
#9 {main}
  thrown

2018-10-24T03:23:21+00:00 CRITICAL Uncaught Error: Class 'Cryptronick_Theme_Helper' not found in /var/www/html/wp-content/plugins/cryptronick-core/includes/post-types/team/team-register.php:17
Stack trace:
#0 /var/www/html/wp-content/plugins/cryptronick-core/includes/post-types/post-types-register.php(23): bptTeamRegister->__construct()
#1 /var/www/html/wp-includes/class-wp-hook.php(286): bptPostTypesRegister->register('')
#2 /var/www/html/wp-includes/class-wp-hook.php(310): WP_Hook->apply_filters(NULL, Array)
#3 /var/www/html/wp-includes/plugin.php(453): WP_Hook->do_action(Array)
#4 /var/www/html/wp-settings.php(434): do_action('after_setup_the...')
#5 /var/www/html/wp-config.php(93): require_once('/var/www/html/w...')
#6 /var/www/html/wp-load.php(37): require_once('/var/www/html/w...')
#7 /var/www/html/wp-blog-header.php(13): require_once('/var/www/html/w...')
#8 /var/www/html/index.php(17): require('/var/www/html/w...')
#9 {main}
  thrown

2018-10-24T03:23:34+00:00 CRITICAL Uncaught Error: Class 'Cryptronick_Theme_Helper' not found in /var/www/html/wp-content/plugins/cryptronick-core/includes/post-types/team/team-register.php:17
Stack trace:
#0 /var/www/html/wp-content/plugins/cryptronick-core/includes/post-types/post-types-register.php(23): bptTeamRegister->__construct()
#1 /var/www/html/wp-includes/class-wp-hook.php(286): bptPostTypesRegister->register('')
#2 /var/www/html/wp-includes/class-wp-hook.php(310): WP_Hook->apply_filters(NULL, Array)
#3 /var/www/html/wp-includes/plugin.php(453): WP_Hook->do_action(Array)
#4 /var/www/html/wp-settings.php(434): do_action('after_setup_the...')
#5 /var/www/html/wp-config.php(93): require_once('/var/www/html/w...')
#6 /var/www/html/wp-load.php(37): require_once('/var/www/html/w...')
#7 /var/www/html/wp-blog-header.php(13): require_once('/var/www/html/w...')
#8 /var/www/html/index.php(17): require('/var/www/html/w...')
#9 {main}
  thrown

2018-10-24T03:23:38+00:00 CRITICAL Uncaught Error: Class 'Cryptronick_Theme_Helper' not found in /var/www/html/wp-content/plugins/cryptronick-core/includes/post-types/team/team-register.php:17
Stack trace:
#0 /var/www/html/wp-content/plugins/cryptronick-core/includes/post-types/post-types-register.php(23): bptTeamRegister->__construct()
#1 /var/www/html/wp-includes/class-wp-hook.php(286): bptPostTypesRegister->register('')
#2 /var/www/html/wp-includes/class-wp-hook.php(310): WP_Hook->apply_filters(NULL, Array)
#3 /var/www/html/wp-includes/plugin.php(453): WP_Hook->do_action(Array)
#4 /var/www/html/wp-settings.php(434): do_action('after_setup_the...')
#5 /var/www/html/wp-config.php(93): require_once('/var/www/html/w...')
#6 /var/www/html/wp-load.php(37): require_once('/var/www/html/w...')
#7 /var/www/html/wp-blog-header.php(13): require_once('/var/www/html/w...')
#8 /var/www/html/index.php(17): require('/var/www/html/w...')
#9 {main}
  thrown

2018-10-24T03:23:40+00:00 CRITICAL Uncaught Error: Class 'Cryptronick_Theme_Helper' not found in /var/www/html/wp-content/plugins/cryptronick-core/includes/post-types/team/team-register.php:17
Stack trace:
#0 /var/www/html/wp-content/plugins/cryptronick-core/includes/post-types/post-types-register.php(23): bptTeamRegister->__construct()
#1 /var/www/html/wp-includes/class-wp-hook.php(286): bptPostTypesRegister->register('')
#2 /var/www/html/wp-includes/class-wp-hook.php(310): WP_Hook->apply_filters(NULL, Array)
#3 /var/www/html/wp-includes/plugin.php(453): WP_Hook->do_action(Array)
#4 /var/www/html/wp-settings.php(434): do_action('after_setup_the...')
#5 /var/www/html/wp-config.php(93): require_once('/var/www/html/w...')
#6 /var/www/html/wp-load.php(37): require_once('/var/www/html/w...')
#7 /var/www/html/wp-blog-header.php(13): require_once('/var/www/html/w...')
#8 /var/www/html/index.php(17): require('/var/www/html/w...')
#9 {main}
  thrown

2018-10-24T03:27:25+00:00 CRITICAL Uncaught Error: Class 'Cryptronick_Theme_Helper' not found in /var/www/html/wp-content/plugins/cryptronick-core/includes/post-types/team/team-register.php:17
Stack trace:
#0 /var/www/html/wp-content/plugins/cryptronick-core/includes/post-types/post-types-register.php(23): bptTeamRegister->__construct()
#1 /var/www/html/wp-includes/class-wp-hook.php(286): bptPostTypesRegister->register('')
#2 /var/www/html/wp-includes/class-wp-hook.php(310): WP_Hook->apply_filters(NULL, Array)
#3 /var/www/html/wp-includes/plugin.php(453): WP_Hook->do_action(Array)
#4 /var/www/html/wp-settings.php(434): do_action('after_setup_the...')
#5 /var/www/html/wp-config.php(93): require_once('/var/www/html/w...')
#6 /var/www/html/wp-load.php(37): require_once('/var/www/html/w...')
#7 /var/www/html/wp-blog-header.php(13): require_once('/var/www/html/w...')
#8 /var/www/html/index.php(17): require('/var/www/html/w...')
#9 {main}
  thrown

2018-10-24T03:36:33+00:00 CRITICAL Uncaught Error: Class 'Cryptronick_Theme_Helper' not found in /var/www/html/wp-content/plugins/cryptronick-core/includes/post-types/team/team-register.php:17
Stack trace:
#0 /var/www/html/wp-content/plugins/cryptronick-core/includes/post-types/post-types-register.php(23): bptTeamRegister->__construct()
#1 /var/www/html/wp-includes/class-wp-hook.php(286): bptPostTypesRegister->register('')
#2 /var/www/html/wp-includes/class-wp-hook.php(310): WP_Hook->apply_filters(NULL, Array)
#3 /var/www/html/wp-includes/plugin.php(453): WP_Hook->do_action(Array)
#4 /var/www/html/wp-settings.php(434): do_action('after_setup_the...')
#5 /var/www/html/wp-config.php(93): require_once('/var/www/html/w...')
#6 /var/www/html/wp-load.php(37): require_once('/var/www/html/w...')
#7 /var/www/html/wp-blog-header.php(13): require_once('/var/www/html/w...')
#8 /var/www/html/index.php(17): require('/var/www/html/w...')
#9 {main}
  thrown

2018-10-24T03:43:37+00:00 CRITICAL Uncaught Error: Class 'Cryptronick_Theme_Helper' not found in /var/www/html/wp-content/plugins/cryptronick-core/includes/post-types/team/team-register.php:17
Stack trace:
#0 /var/www/html/wp-content/plugins/cryptronick-core/includes/post-types/post-types-register.php(23): bptTeamRegister->__construct()
#1 /var/www/html/wp-includes/class-wp-hook.php(286): bptPostTypesRegister->register('')
#2 /var/www/html/wp-includes/class-wp-hook.php(310): WP_Hook->apply_filters(NULL, Array)
#3 /var/www/html/wp-includes/plugin.php(453): WP_Hook->do_action(Array)
#4 /var/www/html/wp-settings.php(434): do_action('after_setup_the...')
#5 /var/www/html/wp-config.php(93): require_once('/var/www/html/w...')
#6 /var/www/html/wp-load.php(37): require_once('/var/www/html/w...')
#7 /var/www/html/wp-blog-header.php(13): require_once('/var/www/html/w...')
#8 /var/www/html/index.php(17): require('/var/www/html/w...')
#9 {main}
  thrown

2018-10-24T03:43:38+00:00 CRITICAL Uncaught Error: Class 'Cryptronick_Theme_Helper' not found in /var/www/html/wp-content/plugins/cryptronick-core/includes/post-types/team/team-register.php:17
Stack trace:
#0 /var/www/html/wp-content/plugins/cryptronick-core/includes/post-types/post-types-register.php(23): bptTeamRegister->__construct()
#1 /var/www/html/wp-includes/class-wp-hook.php(286): bptPostTypesRegister->register('')
#2 /var/www/html/wp-includes/class-wp-hook.php(310): WP_Hook->apply_filters(NULL, Array)
#3 /var/www/html/wp-includes/plugin.php(453): WP_Hook->do_action(Array)
#4 /var/www/html/wp-settings.php(434): do_action('after_setup_the...')
#5 /var/www/html/wp-config.php(93): require_once('/var/www/html/w...')
#6 /var/www/html/wp-load.php(37): require_once('/var/www/html/w...')
#7 /var/www/html/wp-blog-header.php(13): require_once('/var/www/html/w...')
#8 /var/www/html/index.php(17): require('/var/www/html/w...')
#9 {main}
  thrown

2018-10-24T04:08:19+00:00 CRITICAL Uncaught Error: Class 'Cryptronick_Theme_Helper' not found in /var/www/html/wp-content/plugins/cryptronick-core/includes/post-types/team/team-register.php:17
Stack trace:
#0 /var/www/html/wp-content/plugins/cryptronick-core/includes/post-types/post-types-register.php(23): bptTeamRegister->__construct()
#1 /var/www/html/wp-includes/class-wp-hook.php(286): bptPostTypesRegister->register('')
#2 /var/www/html/wp-includes/class-wp-hook.php(310): WP_Hook->apply_filters(NULL, Array)
#3 /var/www/html/wp-includes/plugin.php(453): WP_Hook->do_action(Array)
#4 /var/www/html/wp-settings.php(434): do_action('after_setup_the...')
#5 /var/www/html/wp-config.php(93): require_once('/var/www/html/w...')
#6 /var/www/html/wp-load.php(37): require_once('/var/www/html/w...')
#7 /var/www/html/wp-blog-header.php(13): require_once('/var/www/html/w...')
#8 /var/www/html/index.php(17): require('/var/www/html/w...')
#9 {main}
  thrown

2018-10-24T04:17:03+00:00 CRITICAL Uncaught Error: Class 'Cryptronick_Theme_Helper' not found in /var/www/html/wp-content/plugins/cryptronick-core/includes/post-types/team/team-register.php:17
Stack trace:
#0 /var/www/html/wp-content/plugins/cryptronick-core/includes/post-types/post-types-register.php(23): bptTeamRegister->__construct()
#1 /var/www/html/wp-includes/class-wp-hook.php(286): bptPostTypesRegister->register('')
#2 /var/www/html/wp-includes/class-wp-hook.php(310): WP_Hook->apply_filters(NULL, Array)
#3 /var/www/html/wp-includes/plugin.php(453): WP_Hook->do_action(Array)
#4 /var/www/html/wp-settings.php(434): do_action('after_setup_the...')
#5 /var/www/html/wp-config.php(93): require_once('/var/www/html/w...')
#6 /var/www/html/wp-load.php(37): require_once('/var/www/html/w...')
#7 /var/www/html/wp-blog-header.php(13): require_once('/var/www/html/w...')
#8 /var/www/html/index.php(17): require('/var/www/html/w...')
#9 {main}
  thrown

2018-10-24T04:30:51+00:00 CRITICAL Uncaught Error: Class 'Cryptronick_Theme_Helper' not found in /var/www/html/wp-content/plugins/cryptronick-core/includes/post-types/team/team-register.php:17
Stack trace:
#0 /var/www/html/wp-content/plugins/cryptronick-core/includes/post-types/post-types-register.php(23): bptTeamRegister->__construct()
#1 /var/www/html/wp-includes/class-wp-hook.php(286): bptPostTypesRegister->register('')
#2 /var/www/html/wp-includes/class-wp-hook.php(310): WP_Hook->apply_filters(NULL, Array)
#3 /var/www/html/wp-includes/plugin.php(453): WP_Hook->do_action(Array)
#4 /var/www/html/wp-settings.php(434): do_action('after_setup_the...')
#5 /var/www/html/wp-config.php(93): require_once('/var/www/html/w...')
#6 /var/www/html/wp-load.php(37): require_once('/var/www/html/w...')
#7 /var/www/html/wp-blog-header.php(13): require_once('/var/www/html/w...')
#8 /var/www/html/index.php(17): require('/var/www/html/w...')
#9 {main}
  thrown

2018-10-24T04:30:53+00:00 CRITICAL Uncaught Error: Class 'Cryptronick_Theme_Helper' not found in /var/www/html/wp-content/plugins/cryptronick-core/includes/post-types/team/team-register.php:17
Stack trace:
#0 /var/www/html/wp-content/plugins/cryptronick-core/includes/post-types/post-types-register.php(23): bptTeamRegister->__construct()
#1 /var/www/html/wp-includes/class-wp-hook.php(286): bptPostTypesRegister->register('')
#2 /var/www/html/wp-includes/class-wp-hook.php(310): WP_Hook->apply_filters(NULL, Array)
#3 /var/www/html/wp-includes/plugin.php(453): WP_Hook->do_action(Array)
#4 /var/www/html/wp-settings.php(434): do_action('after_setup_the...')
#5 /var/www/html/wp-config.php(93): require_once('/var/www/html/w...')
#6 /var/www/html/wp-load.php(37): require_once('/var/www/html/w...')
#7 /var/www/html/wp-blog-header.php(13): require_once('/var/www/html/w...')
#8 /var/www/html/index.php(17): require('/var/www/html/w...')
#9 {main}
  thrown

2018-10-24T04:36:48+00:00 CRITICAL Uncaught Error: Class 'Cryptronick_Theme_Helper' not found in /var/www/html/wp-content/plugins/cryptronick-core/includes/post-types/team/team-register.php:17
Stack trace:
#0 /var/www/html/wp-content/plugins/cryptronick-core/includes/post-types/post-types-register.php(23): bptTeamRegister->__construct()
#1 /var/www/html/wp-includes/class-wp-hook.php(286): bptPostTypesRegister->register('')
#2 /var/www/html/wp-includes/class-wp-hook.php(310): WP_Hook->apply_filters(NULL, Array)
#3 /var/www/html/wp-includes/plugin.php(453): WP_Hook->do_action(Array)
#4 /var/www/html/wp-settings.php(434): do_action('after_setup_the...')
#5 /var/www/html/wp-config.php(93): require_once('/var/www/html/w...')
#6 /var/www/html/wp-load.php(37): require_once('/var/www/html/w...')
#7 /var/www/html/wp-blog-header.php(13): require_once('/var/www/html/w...')
#8 /var/www/html/index.php(17): require('/var/www/html/w...')
#9 {main}
  thrown

2018-10-24T05:02:58+00:00 CRITICAL Uncaught Error: Class 'Cryptronick_Theme_Helper' not found in /var/www/html/wp-content/plugins/cryptronick-core/includes/post-types/team/team-register.php:17
Stack trace:
#0 /var/www/html/wp-content/plugins/cryptronick-core/includes/post-types/post-types-register.php(23): bptTeamRegister->__construct()
#1 /var/www/html/wp-includes/class-wp-hook.php(286): bptPostTypesRegister->register('')
#2 /var/www/html/wp-includes/class-wp-hook.php(310): WP_Hook->apply_filters(NULL, Array)
#3 /var/www/html/wp-includes/plugin.php(453): WP_Hook->do_action(Array)
#4 /var/www/html/wp-settings.php(434): do_action('after_setup_the...')
#5 /var/www/html/wp-config.php(93): require_once('/var/www/html/w...')
#6 /var/www/html/wp-load.php(37): require_once('/var/www/html/w...')
#7 /var/www/html/wp-blog-header.php(13): require_once('/var/www/html/w...')
#8 /var/www/html/index.php(17): require('/var/www/html/w...')
#9 {main}
  thrown

2018-10-24T05:03:02+00:00 CRITICAL Uncaught Error: Class 'Cryptronick_Theme_Helper' not found in /var/www/html/wp-content/plugins/cryptronick-core/includes/post-types/team/team-register.php:17
Stack trace:
#0 /var/www/html/wp-content/plugins/cryptronick-core/includes/post-types/post-types-register.php(23): bptTeamRegister->__construct()
#1 /var/www/html/wp-includes/class-wp-hook.php(286): bptPostTypesRegister->register('')
#2 /var/www/html/wp-includes/class-wp-hook.php(310): WP_Hook->apply_filters(NULL, Array)
#3 /var/www/html/wp-includes/plugin.php(453): WP_Hook->do_action(Array)
#4 /var/www/html/wp-settings.php(434): do_action('after_setup_the...')
#5 /var/www/html/wp-config.php(93): require_once('/var/www/html/w...')
#6 /var/www/html/wp-load.php(37): require_once('/var/www/html/w...')
#7 /var/www/html/wp-blog-header.php(13): require_once('/var/www/html/w...')
#8 /var/www/html/index.php(17): require('/var/www/html/w...')
#9 {main}
  thrown

2018-10-24T05:03:15+00:00 CRITICAL Uncaught Error: Class 'Cryptronick_Theme_Helper' not found in /var/www/html/wp-content/plugins/cryptronick-core/includes/post-types/team/team-register.php:17
Stack trace:
#0 /var/www/html/wp-content/plugins/cryptronick-core/includes/post-types/post-types-register.php(23): bptTeamRegister->__construct()
#1 /var/www/html/wp-includes/class-wp-hook.php(286): bptPostTypesRegister->register('')
#2 /var/www/html/wp-includes/class-wp-hook.php(310): WP_Hook->apply_filters(NULL, Array)
#3 /var/www/html/wp-includes/plugin.php(453): WP_Hook->do_action(Array)
#4 /var/www/html/wp-settings.php(434): do_action('after_setup_the...')
#5 /var/www/html/wp-config.php(93): require_once('/var/www/html/w...')
#6 /var/www/html/wp-load.php(37): require_once('/var/www/html/w...')
#7 /var/www/html/wp-blog-header.php(13): require_once('/var/www/html/w...')
#8 /var/www/html/index.php(17): require('/var/www/html/w...')
#9 {main}
  thrown

2018-10-24T05:07:41+00:00 CRITICAL Uncaught Error: Class 'Cryptronick_Theme_Helper' not found in /var/www/html/wp-content/plugins/cryptronick-core/includes/post-types/team/team-register.php:17
Stack trace:
#0 /var/www/html/wp-content/plugins/cryptronick-core/includes/post-types/post-types-register.php(23): bptTeamRegister->__construct()
#1 /var/www/html/wp-includes/class-wp-hook.php(286): bptPostTypesRegister->register('')
#2 /var/www/html/wp-includes/class-wp-hook.php(310): WP_Hook->apply_filters(NULL, Array)
#3 /var/www/html/wp-includes/plugin.php(453): WP_Hook->do_action(Array)
#4 /var/www/html/wp-settings.php(434): do_action('after_setup_the...')
#5 /var/www/html/wp-config.php(93): require_once('/var/www/html/w...')
#6 /var/www/html/wp-load.php(37): require_once('/var/www/html/w...')
#7 /var/www/html/wp-blog-header.php(13): require_once('/var/www/html/w...')
#8 /var/www/html/index.php(17): require('/var/www/html/w...')
#9 {main}
  thrown

2018-10-24T05:11:34+00:00 CRITICAL Uncaught Error: Class 'Cryptronick_Theme_Helper' not found in /var/www/html/wp-content/plugins/cryptronick-core/includes/post-types/team/team-register.php:17
Stack trace:
#0 /var/www/html/wp-content/plugins/cryptronick-core/includes/post-types/post-types-register.php(23): bptTeamRegister->__construct()
#1 /var/www/html/wp-includes/class-wp-hook.php(286): bptPostTypesRegister->register('')
#2 /var/www/html/wp-includes/class-wp-hook.php(310): WP_Hook->apply_filters(NULL, Array)
#3 /var/www/html/wp-includes/plugin.php(453): WP_Hook->do_action(Array)
#4 /var/www/html/wp-settings.php(434): do_action('after_setup_the...')
#5 /var/www/html/wp-config.php(93): require_once('/var/www/html/w...')
#6 /var/www/html/wp-load.php(37): require_once('/var/www/html/w...')
#7 /var/www/html/wp-blog-header.php(13): require_once('/var/www/html/w...')
#8 /var/www/html/index.php(17): require('/var/www/html/w...')
#9 {main}
  thrown

2018-10-24T05:14:28+00:00 CRITICAL Uncaught Error: Class 'Cryptronick_Theme_Helper' not found in /var/www/html/wp-content/plugins/cryptronick-core/includes/post-types/team/team-register.php:17
Stack trace:
#0 /var/www/html/wp-content/plugins/cryptronick-core/includes/post-types/post-types-register.php(23): bptTeamRegister->__construct()
#1 /var/www/html/wp-includes/class-wp-hook.php(286): bptPostTypesRegister->register('')
#2 /var/www/html/wp-includes/class-wp-hook.php(310): WP_Hook->apply_filters(NULL, Array)
#3 /var/www/html/wp-includes/plugin.php(453): WP_Hook->do_action(Array)
#4 /var/www/html/wp-settings.php(434): do_action('after_setup_the...')
#5 /var/www/html/wp-config.php(93): require_once('/var/www/html/w...')
#6 /var/www/html/wp-load.php(37): require_once('/var/www/html/w...')
#7 /var/www/html/wp-blog-header.php(13): require_once('/var/www/html/w...')
#8 /var/www/html/index.php(17): require('/var/www/html/w...')
#9 {main}
  thrown

2018-10-24T05:14:31+00:00 CRITICAL Uncaught Error: Class 'Cryptronick_Theme_Helper' not found in /var/www/html/wp-content/plugins/cryptronick-core/includes/post-types/team/team-register.php:17
Stack trace:
#0 /var/www/html/wp-content/plugins/cryptronick-core/includes/post-types/post-types-register.php(23): bptTeamRegister->__construct()
#1 /var/www/html/wp-includes/class-wp-hook.php(286): bptPostTypesRegister->register('')
#2 /var/www/html/wp-includes/class-wp-hook.php(310): WP_Hook->apply_filters(NULL, Array)
#3 /var/www/html/wp-includes/plugin.php(453): WP_Hook->do_action(Array)
#4 /var/www/html/wp-settings.php(434): do_action('after_setup_the...')
#5 /var/www/html/wp-config.php(93): require_once('/var/www/html/w...')
#6 /var/www/html/wp-load.php(37): require_once('/var/www/html/w...')
#7 /var/www/html/wp-blog-header.php(13): require_once('/var/www/html/w...')
#8 /var/www/html/index.php(17): require('/var/www/html/w...')
#9 {main}
  thrown

2018-10-24T05:20:24+00:00 CRITICAL Uncaught Error: Class 'Cryptronick_Theme_Helper' not found in /var/www/html/wp-content/plugins/cryptronick-core/includes/post-types/team/team-register.php:17
Stack trace:
#0 /var/www/html/wp-content/plugins/cryptronick-core/includes/post-types/post-types-register.php(23): bptTeamRegister->__construct()
#1 /var/www/html/wp-includes/class-wp-hook.php(286): bptPostTypesRegister->register('')
#2 /var/www/html/wp-includes/class-wp-hook.php(310): WP_Hook->apply_filters(NULL, Array)
#3 /var/www/html/wp-includes/plugin.php(453): WP_Hook->do_action(Array)
#4 /var/www/html/wp-settings.php(434): do_action('after_setup_the...')
#5 /var/www/html/wp-config.php(93): require_once('/var/www/html/w...')
#6 /var/www/html/wp-load.php(37): require_once('/var/www/html/w...')
#7 /var/www/html/wp-blog-header.php(13): require_once('/var/www/html/w...')
#8 /var/www/html/index.php(17): require('/var/www/html/w...')
#9 {main}
  thrown

2018-10-24T05:20:27+00:00 CRITICAL Uncaught Error: Class 'Cryptronick_Theme_Helper' not found in /var/www/html/wp-content/plugins/cryptronick-core/includes/post-types/team/team-register.php:17
Stack trace:
#0 /var/www/html/wp-content/plugins/cryptronick-core/includes/post-types/post-types-register.php(23): bptTeamRegister->__construct()
#1 /var/www/html/wp-includes/class-wp-hook.php(286): bptPostTypesRegister->register('')
#2 /var/www/html/wp-includes/class-wp-hook.php(310): WP_Hook->apply_filters(NULL, Array)
#3 /var/www/html/wp-includes/plugin.php(453): WP_Hook->do_action(Array)
#4 /var/www/html/wp-settings.php(434): do_action('after_setup_the...')
#5 /var/www/html/wp-config.php(93): require_once('/var/www/html/w...')
#6 /var/www/html/wp-load.php(37): require_once('/var/www/html/w...')
#7 /var/www/html/wp-blog-header.php(13): require_once('/var/www/html/w...')
#8 /var/www/html/index.php(17): require('/var/www/html/w...')
#9 {main}
  thrown

2018-10-24T05:20:28+00:00 CRITICAL Uncaught Error: Class 'Cryptronick_Theme_Helper' not found in /var/www/html/wp-content/plugins/cryptronick-core/includes/post-types/team/team-register.php:17
Stack trace:
#0 /var/www/html/wp-content/plugins/cryptronick-core/includes/post-types/post-types-register.php(23): bptTeamRegister->__construct()
#1 /var/www/html/wp-includes/class-wp-hook.php(286): bptPostTypesRegister->register('')
#2 /var/www/html/wp-includes/class-wp-hook.php(310): WP_Hook->apply_filters(NULL, Array)
#3 /var/www/html/wp-includes/plugin.php(453): WP_Hook->do_action(Array)
#4 /var/www/html/wp-settings.php(434): do_action('after_setup_the...')
#5 /var/www/html/wp-config.php(93): require_once('/var/www/html/w...')
#6 /var/www/html/wp-load.php(37): require_once('/var/www/html/w...')
#7 /var/www/html/wp-blog-header.php(13): require_once('/var/www/html/w...')
#8 /var/www/html/index.php(17): require('/var/www/html/w...')
#9 {main}
  thrown

2018-10-24T05:20:48+00:00 CRITICAL Uncaught Error: Class 'Cryptronick_Theme_Helper' not found in /var/www/html/wp-content/plugins/cryptronick-core/includes/post-types/team/team-register.php:17
Stack trace:
#0 /var/www/html/wp-content/plugins/cryptronick-core/includes/post-types/post-types-register.php(23): bptTeamRegister->__construct()
#1 /var/www/html/wp-includes/class-wp-hook.php(286): bptPostTypesRegister->register('')
#2 /var/www/html/wp-includes/class-wp-hook.php(310): WP_Hook->apply_filters(NULL, Array)
#3 /var/www/html/wp-includes/plugin.php(453): WP_Hook->do_action(Array)
#4 /var/www/html/wp-settings.php(434): do_action('after_setup_the...')
#5 /var/www/html/wp-config.php(93): require_once('/var/www/html/w...')
#6 /var/www/html/wp-load.php(37): require_once('/var/www/html/w...')
#7 /var/www/html/wp-blog-header.php(13): require_once('/var/www/html/w...')
#8 /var/www/html/index.php(17): require('/var/www/html/w...')
#9 {main}
  thrown

2018-10-24T05:20:58+00:00 CRITICAL Uncaught Error: Class 'Cryptronick_Theme_Helper' not found in /var/www/html/wp-content/plugins/cryptronick-core/includes/post-types/team/team-register.php:17
Stack trace:
#0 /var/www/html/wp-content/plugins/cryptronick-core/includes/post-types/post-types-register.php(23): bptTeamRegister->__construct()
#1 /var/www/html/wp-includes/class-wp-hook.php(286): bptPostTypesRegister->register('')
#2 /var/www/html/wp-includes/class-wp-hook.php(310): WP_Hook->apply_filters(NULL, Array)
#3 /var/www/html/wp-includes/plugin.php(453): WP_Hook->do_action(Array)
#4 /var/www/html/wp-settings.php(434): do_action('after_setup_the...')
#5 /var/www/html/wp-config.php(93): require_once('/var/www/html/w...')
#6 /var/www/html/wp-load.php(37): require_once('/var/www/html/w...')
#7 /var/www/html/wp-admin/admin.php(31): require_once('/var/www/html/w...')
#8 /var/www/html/wp-admin/index.php(10): require_once('/var/www/html/w...')
#9 {main}
  thrown

2018-10-24T05:21:06+00:00 CRITICAL Uncaught Error: Class 'Cryptronick_Theme_Helper' not found in /var/www/html/wp-content/plugins/cryptronick-core/includes/post-types/team/team-register.php:17
Stack trace:
#0 /var/www/html/wp-content/plugins/cryptronick-core/includes/post-types/post-types-register.php(23): bptTeamRegister->__construct()
#1 /var/www/html/wp-includes/class-wp-hook.php(286): bptPostTypesRegister->register('')
#2 /var/www/html/wp-includes/class-wp-hook.php(310): WP_Hook->apply_filters(NULL, Array)
#3 /var/www/html/wp-includes/plugin.php(453): WP_Hook->do_action(Array)
#4 /var/www/html/wp-settings.php(434): do_action('after_setup_the...')
#5 /var/www/html/wp-config.php(93): require_once('/var/www/html/w...')
#6 /var/www/html/wp-load.php(37): require_once('/var/www/html/w...')
#7 /var/www/html/wp-blog-header.php(13): require_once('/var/www/html/w...')
#8 /var/www/html/index.php(17): require('/var/www/html/w...')
#9 {main}
  thrown

2018-10-24T05:21:09+00:00 CRITICAL Uncaught Error: Class 'Cryptronick_Theme_Helper' not found in /var/www/html/wp-content/plugins/cryptronick-core/includes/post-types/team/team-register.php:17
Stack trace:
#0 /var/www/html/wp-content/plugins/cryptronick-core/includes/post-types/post-types-register.php(23): bptTeamRegister->__construct()
#1 /var/www/html/wp-includes/class-wp-hook.php(286): bptPostTypesRegister->register('')
#2 /var/www/html/wp-includes/class-wp-hook.php(310): WP_Hook->apply_filters(NULL, Array)
#3 /var/www/html/wp-includes/plugin.php(453): WP_Hook->do_action(Array)
#4 /var/www/html/wp-settings.php(434): do_action('after_setup_the...')
#5 /var/www/html/wp-config.php(93): require_once('/var/www/html/w...')
#6 /var/www/html/wp-load.php(37): require_once('/var/www/html/w...')
#7 /var/www/html/wp-blog-header.php(13): require_once('/var/www/html/w...')
#8 /var/www/html/index.php(17): require('/var/www/html/w...')
#9 {main}
  thrown

2018-10-24T05:22:59+00:00 CRITICAL Uncaught Error: Class 'Cryptronick_Theme_Helper' not found in /var/www/html/wp-content/plugins/cryptronick-core/includes/post-types/team/team-register.php:17
Stack trace:
#0 /var/www/html/wp-content/plugins/cryptronick-core/includes/post-types/post-types-register.php(23): bptTeamRegister->__construct()
#1 /var/www/html/wp-includes/class-wp-hook.php(286): bptPostTypesRegister->register('')
#2 /var/www/html/wp-includes/class-wp-hook.php(310): WP_Hook->apply_filters(NULL, Array)
#3 /var/www/html/wp-includes/plugin.php(453): WP_Hook->do_action(Array)
#4 /var/www/html/wp-settings.php(434): do_action('after_setup_the...')
#5 /var/www/html/wp-config.php(93): require_once('/var/www/html/w...')
#6 /var/www/html/wp-load.php(37): require_once('/var/www/html/w...')
#7 /var/www/html/wp-blog-header.php(13): require_once('/var/www/html/w...')
#8 /var/www/html/index.php(17): require('/var/www/html/w...')
#9 {main}
  thrown

2018-10-24T05:27:24+00:00 CRITICAL Uncaught Error: Class 'Cryptronick_Theme_Helper' not found in /var/www/html/wp-content/plugins/cryptronick-core/includes/post-types/team/team-register.php:17
Stack trace:
#0 /var/www/html/wp-content/plugins/cryptronick-core/includes/post-types/post-types-register.php(23): bptTeamRegister->__construct()
#1 /var/www/html/wp-includes/class-wp-hook.php(286): bptPostTypesRegister->register('')
#2 /var/www/html/wp-includes/class-wp-hook.php(310): WP_Hook->apply_filters(NULL, Array)
#3 /var/www/html/wp-includes/plugin.php(453): WP_Hook->do_action(Array)
#4 /var/www/html/wp-settings.php(434): do_action('after_setup_the...')
#5 /var/www/html/wp-config.php(93): require_once('/var/www/html/w...')
#6 /var/www/html/wp-load.php(37): require_once('/var/www/html/w...')
#7 /var/www/html/wp-blog-header.php(13): require_once('/var/www/html/w...')
#8 /var/www/html/index.php(17): require('/var/www/html/w...')
#9 {main}
  thrown

